19:06:24.632 [main] INFO  - Goto my account-->Click on Login.. 
19:06:25.280 [main] INFO  - Entering email and password.. 
19:06:26.258 [main] INFO  - clicked on login button...
19:08:41.165 [main] INFO  - Goto my account-->Click on Login.. 
19:08:42.778 [main] INFO  - Entering email and password.. 
19:08:43.609 [main] INFO  - clicked on login button...
22:28:22.922 [main] INFO  - Goto my account-->Click on Login.. 
22:28:23.855 [main] INFO  - Entering email and password.. 
22:28:25.675 [main] INFO  - clicked on login button...
22:39:43.130 [main] INFO  - Goto my account-->Click on Login.. 
22:39:43.803 [main] INFO  - Entering email and password.. 
22:39:44.638 [main] INFO  - clicked on login button...
22:40:04.221 [main] INFO  - Goto my account-->Click on Login.. 
22:40:05.770 [main] INFO  - Entering email and password.. 
22:40:06.799 [main] INFO  - clicked on login button...
22:41:47.241 [main] INFO  - Goto my account-->Click on Login.. 
22:41:59.590 [main] INFO  - Goto my account-->Click on Login.. 
22:42:09.438 [main] INFO  - Goto my account-->Click on Login.. 
22:42:22.366 [main] INFO  - Goto my account-->Click on Login.. 
22:42:32.996 [main] INFO  - Goto my account-->Click on Login.. 
22:49:04.977 [main] INFO  - Goto my account-->Click on Login.. 
22:49:26.974 [main] INFO  - Goto my account-->Click on Login.. 
22:49:49.114 [main] INFO  - Goto my account-->Click on Login.. 
09:43:05.712 [main] INFO  - Goto my account-->Click on Login.. 
09:43:30.165 [main] INFO  - Goto my account-->Click on Login.. 
09:43:41.341 [main] INFO  - Goto my account-->Click on Login.. 
09:43:52.674 [main] INFO  - Goto my account-->Click on Login.. 
09:47:06.109 [main] INFO  - Goto my account-->Click on Login.. 
09:58:13.777 [main] INFO  - Goto my account-->Click on Login.. 
09:58:23.395 [main] INFO  - Goto my account-->Click on Login.. 
09:58:34.256 [main] INFO  - Goto my account-->Click on Login.. 
09:58:42.995 [main] INFO  - Goto my account-->Click on Login.. 
09:58:53.774 [main] INFO  - Goto my account-->Click on Login.. 
10:03:41.188 [main] INFO  - Goto my account-->Click on Login.. 
10:03:42.359 [main] INFO  - Entering email and password.. 
10:03:43.037 [main] INFO  - clicked on login button...
10:04:02.320 [main] INFO  - Goto my account-->Click on Login.. 
10:04:04.472 [main] INFO  - Entering email and password.. 
10:04:05.445 [main] INFO  - clicked on login button...
10:06:29.381 [main] INFO  - Goto my account-->Click on Login.. 
10:06:40.381 [main] INFO  - Goto my account-->Click on Login.. 
10:06:51.299 [main] INFO  - Goto my account-->Click on Login.. 
10:07:02.308 [main] INFO  - Goto my account-->Click on Login.. 
10:07:15.240 [main] INFO  - Goto my account-->Click on Login.. 
10:24:52.346 [main] INFO  - Goto my account-->Click on Login.. 
10:25:15.046 [main] INFO  - Goto my account-->Click on Login.. 
10:25:26.924 [main] INFO  - Goto my account-->Click on Login.. 
10:25:36.434 [main] INFO  - Goto my account-->Click on Login.. 
10:30:54.538 [main] INFO  - Goto my account-->Click on Login.. 
10:31:05.397 [main] INFO  - Goto my account-->Click on Login.. 
10:31:16.166 [main] INFO  - Goto my account-->Click on Login.. 
10:31:30.001 [main] INFO  - Goto my account-->Click on Login.. 
10:31:41.294 [main] INFO  - Goto my account-->Click on Login.. 
10:37:38.677 [main] INFO  - Goto my account-->Click on Login.. 
10:37:48.567 [main] INFO  - Goto my account-->Click on Login.. 
10:37:59.007 [main] INFO  - Goto my account-->Click on Login.. 
10:38:11.360 [main] INFO  - Goto my account-->Click on Login.. 
10:38:20.276 [main] INFO  - Goto my account-->Click on Login.. 
20:34:25.840 [main] INFO  - Goto my account-->Click on Login.. 
20:34:36.662 [main] INFO  - Goto my account-->Click on Login.. 
20:35:01.497 [main] INFO  - Goto my account-->Click on Login.. 
20:35:12.129 [main] INFO  - Goto my account-->Click on Login.. 
20:37:49.820 [main] INFO  - Goto my account-->Click on Login.. 
20:38:01.884 [main] INFO  - Goto my account-->Click on Login.. 
20:38:14.317 [main] INFO  - Goto my account-->Click on Login.. 
20:38:25.178 [main] INFO  - Goto my account-->Click on Login.. 
20:38:36.959 [main] INFO  - Goto my account-->Click on Login.. 
20:47:56.673 [main] INFO  - Goto my account-->Click on Login.. 
20:47:58.682 [main] DEBUG - Parsing relationship: /xl/_rels/workbook.xml.rels
20:47:58.686 [main] DEBUG - Parsing relationship: /xl/worksheets/_rels/sheet1.xml.rels
20:47:58.689 [main] DEBUG - Parsing relationship: /_rels/.rels
20:48:00.716 [main] TRACE - Loading type system org.apache.poi.schemas.ooxml.system.ooxml
20:48:00.802 [main] TRACE - Loading type system org.apache.xmlbeans.metadata.system.sXMLCONFIG
20:48:00.803 [main] TRACE - Loading type system org.apache.xmlbeans.metadata.system.sXMLLANG
20:48:00.824 [main] TRACE - Loading type system org.apache.xmlbeans.metadata.system.sXMLSCHEMA
20:48:00.826 [main] TRACE - Loading type system org.apache.xmlbeans.metadata.system.sXMLTOOLS
20:48:00.830 [main] TRACE - Reading unresolved handles for type system org.apache.xmlbeans.metadata.system.sXMLTOOLS
20:48:00.902 [main] TRACE - Finished loading type system org.apache.xmlbeans.metadata.system.sXMLTOOLS
20:48:00.904 [main] TRACE - Reading unresolved handles for type system org.apache.xmlbeans.metadata.system.sXMLSCHEMA
20:48:00.915 [main] TRACE - Finished loading type system org.apache.xmlbeans.metadata.system.sXMLSCHEMA
20:48:00.919 [main] TRACE - Reading unresolved handles for type system org.apache.xmlbeans.metadata.system.sXMLLANG
20:48:00.920 [main] TRACE - Finished loading type system org.apache.xmlbeans.metadata.system.sXMLLANG
20:48:00.921 [main] TRACE - Reading unresolved handles for type system org.apache.xmlbeans.metadata.system.sXMLCONFIG
20:48:00.922 [main] TRACE - Finished loading type system org.apache.xmlbeans.metadata.system.sXMLCONFIG
20:48:00.924 [main] TRACE - Reading unresolved handles for type system org.apache.poi.schemas.ooxml.system.ooxml
20:48:01.197 [main] TRACE - Finished loading type system org.apache.poi.schemas.ooxml.system.ooxml
20:48:01.198 [main] TRACE - Resolving type for handle themefd26doctype
20:48:01.338 [main] TRACE - Resolving type for handle stylesheet5d8bdoctype
20:48:01.355 [main] TRACE - Resolving type for handle ctstylesheet4257type
20:48:01.374 [main] TRACE - Resolving type for handle ctfonts6623type
20:48:01.404 [main] TRACE - Resolving type for handle ctfont14d8type
20:48:01.413 [main] TRACE - Resolving type for handle ctfills2c6ftype
20:48:01.420 [main] TRACE - Resolving type for handle ctfill550ctype
20:48:01.424 [main] TRACE - Resolving type for handle ctborders0d66type
20:48:01.428 [main] TRACE - Resolving type for handle ctborderf935type
20:48:01.435 [main] TRACE - Resolving type for handle ctcellxfs1322type
20:48:01.440 [main] TRACE - Resolving type for handle ctxf97f7type
20:48:01.446 [main] TRACE - Resolving type for handle ctcellstylexfsa81ftype
20:48:01.689 [main] TRACE - Resolving type for handle ctdxfsb26atype
20:48:01.693 [main] TRACE - Resolving type for handle cttablestyles872ftype
20:48:01.700 [main] TRACE - Resolving type for handle sstf81fdoctype
20:48:01.708 [main] TRACE - Resolving type for handle ctsst44f3type
20:48:01.749 [main] TRACE - Resolving type for handle ctrsta472type
20:48:01.788 [main] TRACE - Resolving type for handle workbookec17doctype
20:48:01.949 [main] TRACE - Resolving type for handle ctworkbook83c3type
20:48:01.970 [main] TRACE - Resolving type for handle ctsheets49fdtype
20:48:01.975 [main] TRACE - Resolving type for handle ctsheet4dbetype
20:48:01.984 [main] TRACE - Resolving type for handle strelationshipid1e94type
20:48:01.997 [main] TRACE - Resolving type for handle worksheetf539doctype
20:48:02.009 [main] TRACE - Resolving type for handle ctworksheet530dtype
20:48:02.118 [main] TRACE - Resolving type for handle ctcols627ctype
20:48:02.134 [main] TRACE - Resolving type for handle ctcola95ftype
20:48:02.369 [main] TRACE - Resolving type for handle ctsheetdata8408type
20:48:02.597 [main] TRACE - Resolving type for handle ctrowdd39type
20:48:02.653 [main] TRACE - Resolving type for handle ctcell842btype
20:48:02.695 [main] TRACE - Resolving type for handle stcellrefe4e0type
20:48:02.718 [main] TRACE - Resolving type for handle cthyperlinks6416type
20:48:02.729 [main] TRACE - Resolving type for handle cthyperlink0c85type
20:48:02.775 [main] TRACE - Resolving type for handle stxstringf179type
20:48:02.790 [main] TRACE - Resolving type for handle stcelltypebf95type
20:48:02.800 [main] TRACE - Resolving type for handle stcellstylexfid70c7type
20:48:02.805 [main] TRACE - Resolving type for handle stnumfmtid76fbtype
20:48:14.519 [main] INFO  - Goto my account-->Click on Login.. 
20:48:15.281 [main] DEBUG - Parsing relationship: /xl/_rels/workbook.xml.rels
20:48:15.283 [main] DEBUG - Parsing relationship: /xl/worksheets/_rels/sheet1.xml.rels
20:48:15.286 [main] DEBUG - Parsing relationship: /_rels/.rels
20:48:26.164 [main] INFO  - Goto my account-->Click on Login.. 
20:48:29.394 [main] DEBUG - Parsing relationship: /xl/_rels/workbook.xml.rels
20:48:29.397 [main] DEBUG - Parsing relationship: /xl/worksheets/_rels/sheet1.xml.rels
20:48:29.400 [main] DEBUG - Parsing relationship: /_rels/.rels
20:48:59.044 [main] INFO  - Goto my account-->Click on Login.. 
20:49:02.063 [main] DEBUG - Parsing relationship: /xl/_rels/workbook.xml.rels
20:49:02.065 [main] DEBUG - Parsing relationship: /xl/worksheets/_rels/sheet1.xml.rels
20:49:02.068 [main] DEBUG - Parsing relationship: /_rels/.rels
21:09:41.938 [main] INFO  - Goto my account-->Click on Login.. 
21:09:43.122 [main] DEBUG - Parsing relationship: /xl/_rels/workbook.xml.rels
21:09:43.129 [main] DEBUG - Parsing relationship: /xl/worksheets/_rels/sheet1.xml.rels
21:09:43.132 [main] DEBUG - Parsing relationship: /_rels/.rels
21:09:43.380 [main] TRACE - Loading type system org.apache.poi.schemas.ooxml.system.ooxml
21:09:43.384 [main] TRACE - Loading type system org.apache.xmlbeans.metadata.system.sXMLCONFIG
21:09:43.385 [main] TRACE - Loading type system org.apache.xmlbeans.metadata.system.sXMLLANG
21:09:43.386 [main] TRACE - Loading type system org.apache.xmlbeans.metadata.system.sXMLSCHEMA
21:09:43.386 [main] TRACE - Loading type system org.apache.xmlbeans.metadata.system.sXMLTOOLS
21:09:43.393 [main] TRACE - Reading unresolved handles for type system org.apache.xmlbeans.metadata.system.sXMLTOOLS
21:09:43.411 [main] TRACE - Finished loading type system org.apache.xmlbeans.metadata.system.sXMLTOOLS
21:09:43.412 [main] TRACE - Reading unresolved handles for type system org.apache.xmlbeans.metadata.system.sXMLSCHEMA
21:09:43.421 [main] TRACE - Finished loading type system org.apache.xmlbeans.metadata.system.sXMLSCHEMA
21:09:43.425 [main] TRACE - Reading unresolved handles for type system org.apache.xmlbeans.metadata.system.sXMLLANG
21:09:43.427 [main] TRACE - Finished loading type system org.apache.xmlbeans.metadata.system.sXMLLANG
21:09:43.429 [main] TRACE - Reading unresolved handles for type system org.apache.xmlbeans.metadata.system.sXMLCONFIG
21:09:43.430 [main] TRACE - Finished loading type system org.apache.xmlbeans.metadata.system.sXMLCONFIG
21:09:43.431 [main] TRACE - Reading unresolved handles for type system org.apache.poi.schemas.ooxml.system.ooxml
21:09:43.525 [main] TRACE - Finished loading type system org.apache.poi.schemas.ooxml.system.ooxml
21:09:43.528 [main] TRACE - Resolving type for handle themefd26doctype
21:09:43.629 [main] TRACE - Resolving type for handle stylesheet5d8bdoctype
21:09:43.638 [main] TRACE - Resolving type for handle ctstylesheet4257type
21:09:43.644 [main] TRACE - Resolving type for handle ctfonts6623type
21:09:43.648 [main] TRACE - Resolving type for handle ctfont14d8type
21:09:43.660 [main] TRACE - Resolving type for handle ctfills2c6ftype
21:09:43.663 [main] TRACE - Resolving type for handle ctfill550ctype
21:09:43.667 [main] TRACE - Resolving type for handle ctborders0d66type
21:09:43.671 [main] TRACE - Resolving type for handle ctborderf935type
21:09:43.676 [main] TRACE - Resolving type for handle ctcellxfs1322type
21:09:43.680 [main] TRACE - Resolving type for handle ctxf97f7type
21:09:43.684 [main] TRACE - Resolving type for handle ctcellstylexfsa81ftype
21:09:43.688 [main] TRACE - Resolving type for handle ctdxfsb26atype
21:09:43.693 [main] TRACE - Resolving type for handle cttablestyles872ftype
21:09:43.698 [main] TRACE - Resolving type for handle sstf81fdoctype
21:09:43.706 [main] TRACE - Resolving type for handle ctsst44f3type
21:09:43.718 [main] TRACE - Resolving type for handle ctrsta472type
21:09:43.749 [main] TRACE - Resolving type for handle workbookec17doctype
21:09:43.754 [main] TRACE - Resolving type for handle ctworkbook83c3type
21:09:43.760 [main] TRACE - Resolving type for handle ctsheets49fdtype
21:09:43.763 [main] TRACE - Resolving type for handle ctsheet4dbetype
21:09:43.766 [main] TRACE - Resolving type for handle strelationshipid1e94type
21:09:43.769 [main] TRACE - Resolving type for handle worksheetf539doctype
21:09:43.778 [main] TRACE - Resolving type for handle ctworksheet530dtype
21:09:43.794 [main] TRACE - Resolving type for handle ctcols627ctype
21:09:43.801 [main] TRACE - Resolving type for handle ctcola95ftype
21:09:43.829 [main] TRACE - Resolving type for handle ctsheetdata8408type
21:09:43.833 [main] TRACE - Resolving type for handle ctrowdd39type
21:09:43.840 [main] TRACE - Resolving type for handle ctcell842btype
21:09:43.848 [main] TRACE - Resolving type for handle stcellrefe4e0type
21:09:43.855 [main] TRACE - Resolving type for handle cthyperlinks6416type
21:09:43.859 [main] TRACE - Resolving type for handle cthyperlink0c85type
21:09:43.874 [main] TRACE - Resolving type for handle stxstringf179type
21:09:43.878 [main] TRACE - Resolving type for handle stcelltypebf95type
21:09:43.891 [main] TRACE - Resolving type for handle stcellstylexfid70c7type
21:09:43.895 [main] TRACE - Resolving type for handle stnumfmtid76fbtype
21:13:21.022 [main] INFO  - Goto my account-->Click on Login.. 
21:13:22.563 [main] DEBUG - Parsing relationship: /xl/_rels/workbook.xml.rels
21:13:22.570 [main] DEBUG - Parsing relationship: /xl/worksheets/_rels/sheet1.xml.rels
21:13:22.573 [main] DEBUG - Parsing relationship: /_rels/.rels
21:13:22.894 [main] TRACE - Loading type system org.apache.poi.schemas.ooxml.system.ooxml
21:13:22.897 [main] TRACE - Loading type system org.apache.xmlbeans.metadata.system.sXMLCONFIG
21:13:22.898 [main] TRACE - Loading type system org.apache.xmlbeans.metadata.system.sXMLLANG
21:13:22.898 [main] TRACE - Loading type system org.apache.xmlbeans.metadata.system.sXMLSCHEMA
21:13:22.899 [main] TRACE - Loading type system org.apache.xmlbeans.metadata.system.sXMLTOOLS
21:13:22.903 [main] TRACE - Reading unresolved handles for type system org.apache.xmlbeans.metadata.system.sXMLTOOLS
21:13:22.920 [main] TRACE - Finished loading type system org.apache.xmlbeans.metadata.system.sXMLTOOLS
21:13:22.921 [main] TRACE - Reading unresolved handles for type system org.apache.xmlbeans.metadata.system.sXMLSCHEMA
21:13:22.930 [main] TRACE - Finished loading type system org.apache.xmlbeans.metadata.system.sXMLSCHEMA
21:13:22.932 [main] TRACE - Reading unresolved handles for type system org.apache.xmlbeans.metadata.system.sXMLLANG
21:13:22.934 [main] TRACE - Finished loading type system org.apache.xmlbeans.metadata.system.sXMLLANG
21:13:22.937 [main] TRACE - Reading unresolved handles for type system org.apache.xmlbeans.metadata.system.sXMLCONFIG
21:13:22.939 [main] TRACE - Finished loading type system org.apache.xmlbeans.metadata.system.sXMLCONFIG
21:13:22.941 [main] TRACE - Reading unresolved handles for type system org.apache.poi.schemas.ooxml.system.ooxml
21:13:23.055 [main] TRACE - Finished loading type system org.apache.poi.schemas.ooxml.system.ooxml
21:13:23.057 [main] TRACE - Resolving type for handle themefd26doctype
21:13:23.207 [main] TRACE - Resolving type for handle stylesheet5d8bdoctype
21:13:23.222 [main] TRACE - Resolving type for handle ctstylesheet4257type
21:13:23.237 [main] TRACE - Resolving type for handle ctfonts6623type
21:13:23.243 [main] TRACE - Resolving type for handle ctfont14d8type
21:13:23.257 [main] TRACE - Resolving type for handle ctfills2c6ftype
21:13:23.261 [main] TRACE - Resolving type for handle ctfill550ctype
21:13:23.264 [main] TRACE - Resolving type for handle ctborders0d66type
21:13:23.273 [main] TRACE - Resolving type for handle ctborderf935type
21:13:23.280 [main] TRACE - Resolving type for handle ctcellxfs1322type
21:13:23.284 [main] TRACE - Resolving type for handle ctxf97f7type
21:13:23.308 [main] TRACE - Resolving type for handle ctcellstylexfsa81ftype
21:13:23.313 [main] TRACE - Resolving type for handle ctdxfsb26atype
21:13:23.320 [main] TRACE - Resolving type for handle cttablestyles872ftype
21:13:23.326 [main] TRACE - Resolving type for handle sstf81fdoctype
21:13:23.334 [main] TRACE - Resolving type for handle ctsst44f3type
21:13:23.350 [main] TRACE - Resolving type for handle ctrsta472type
21:13:23.396 [main] TRACE - Resolving type for handle workbookec17doctype
21:13:23.405 [main] TRACE - Resolving type for handle ctworkbook83c3type
21:13:23.414 [main] TRACE - Resolving type for handle ctsheets49fdtype
21:13:23.417 [main] TRACE - Resolving type for handle ctsheet4dbetype
21:13:23.422 [main] TRACE - Resolving type for handle strelationshipid1e94type
21:13:23.428 [main] TRACE - Resolving type for handle worksheetf539doctype
21:13:23.447 [main] TRACE - Resolving type for handle ctworksheet530dtype
21:13:23.475 [main] TRACE - Resolving type for handle ctcols627ctype
21:13:23.483 [main] TRACE - Resolving type for handle ctcola95ftype
21:13:23.519 [main] TRACE - Resolving type for handle ctsheetdata8408type
21:13:23.525 [main] TRACE - Resolving type for handle ctrowdd39type
21:13:23.535 [main] TRACE - Resolving type for handle ctcell842btype
21:13:23.549 [main] TRACE - Resolving type for handle stcellrefe4e0type
21:13:23.563 [main] TRACE - Resolving type for handle cthyperlinks6416type
21:13:23.568 [main] TRACE - Resolving type for handle cthyperlink0c85type
21:13:23.595 [main] TRACE - Resolving type for handle stxstringf179type
21:13:23.601 [main] TRACE - Resolving type for handle stcelltypebf95type
21:13:23.620 [main] TRACE - Resolving type for handle stcellstylexfid70c7type
21:13:23.626 [main] TRACE - Resolving type for handle stnumfmtid76fbtype
21:14:06.473 [main] INFO  - Goto my account-->Click on Login.. 
21:14:07.842 [main] DEBUG - Parsing relationship: /xl/_rels/workbook.xml.rels
21:14:07.847 [main] DEBUG - Parsing relationship: /xl/worksheets/_rels/sheet1.xml.rels
21:14:07.851 [main] DEBUG - Parsing relationship: /_rels/.rels
21:14:08.119 [main] TRACE - Loading type system org.apache.poi.schemas.ooxml.system.ooxml
21:14:08.125 [main] TRACE - Loading type system org.apache.xmlbeans.metadata.system.sXMLCONFIG
21:14:08.126 [main] TRACE - Loading type system org.apache.xmlbeans.metadata.system.sXMLLANG
21:14:08.127 [main] TRACE - Loading type system org.apache.xmlbeans.metadata.system.sXMLSCHEMA
21:14:08.128 [main] TRACE - Loading type system org.apache.xmlbeans.metadata.system.sXMLTOOLS
21:14:08.129 [main] TRACE - Reading unresolved handles for type system org.apache.xmlbeans.metadata.system.sXMLTOOLS
21:14:08.147 [main] TRACE - Finished loading type system org.apache.xmlbeans.metadata.system.sXMLTOOLS
21:14:08.149 [main] TRACE - Reading unresolved handles for type system org.apache.xmlbeans.metadata.system.sXMLSCHEMA
21:14:08.159 [main] TRACE - Finished loading type system org.apache.xmlbeans.metadata.system.sXMLSCHEMA
21:14:08.161 [main] TRACE - Reading unresolved handles for type system org.apache.xmlbeans.metadata.system.sXMLLANG
21:14:08.169 [main] TRACE - Finished loading type system org.apache.xmlbeans.metadata.system.sXMLLANG
21:14:08.173 [main] TRACE - Reading unresolved handles for type system org.apache.xmlbeans.metadata.system.sXMLCONFIG
21:14:08.175 [main] TRACE - Finished loading type system org.apache.xmlbeans.metadata.system.sXMLCONFIG
21:14:08.177 [main] TRACE - Reading unresolved handles for type system org.apache.poi.schemas.ooxml.system.ooxml
21:14:08.319 [main] TRACE - Finished loading type system org.apache.poi.schemas.ooxml.system.ooxml
21:14:08.321 [main] TRACE - Resolving type for handle themefd26doctype
21:14:08.443 [main] TRACE - Resolving type for handle stylesheet5d8bdoctype
21:14:08.452 [main] TRACE - Resolving type for handle ctstylesheet4257type
21:14:08.459 [main] TRACE - Resolving type for handle ctfonts6623type
21:14:08.464 [main] TRACE - Resolving type for handle ctfont14d8type
21:14:08.477 [main] TRACE - Resolving type for handle ctfills2c6ftype
21:14:08.482 [main] TRACE - Resolving type for handle ctfill550ctype
21:14:08.485 [main] TRACE - Resolving type for handle ctborders0d66type
21:14:08.488 [main] TRACE - Resolving type for handle ctborderf935type
21:14:08.492 [main] TRACE - Resolving type for handle ctcellxfs1322type
21:14:08.495 [main] TRACE - Resolving type for handle ctxf97f7type
21:14:08.500 [main] TRACE - Resolving type for handle ctcellstylexfsa81ftype
21:14:08.504 [main] TRACE - Resolving type for handle ctdxfsb26atype
21:14:08.508 [main] TRACE - Resolving type for handle cttablestyles872ftype
21:14:08.514 [main] TRACE - Resolving type for handle sstf81fdoctype
21:14:08.523 [main] TRACE - Resolving type for handle ctsst44f3type
21:14:08.539 [main] TRACE - Resolving type for handle ctrsta472type
21:14:08.575 [main] TRACE - Resolving type for handle workbookec17doctype
21:14:08.581 [main] TRACE - Resolving type for handle ctworkbook83c3type
21:14:08.588 [main] TRACE - Resolving type for handle ctsheets49fdtype
21:14:08.592 [main] TRACE - Resolving type for handle ctsheet4dbetype
21:14:08.596 [main] TRACE - Resolving type for handle strelationshipid1e94type
21:14:08.600 [main] TRACE - Resolving type for handle worksheetf539doctype
21:14:08.618 [main] TRACE - Resolving type for handle ctworksheet530dtype
21:14:08.637 [main] TRACE - Resolving type for handle ctcols627ctype
21:14:08.646 [main] TRACE - Resolving type for handle ctcola95ftype
21:14:08.676 [main] TRACE - Resolving type for handle ctsheetdata8408type
21:14:08.680 [main] TRACE - Resolving type for handle ctrowdd39type
21:14:08.687 [main] TRACE - Resolving type for handle ctcell842btype
21:14:08.696 [main] TRACE - Resolving type for handle stcellrefe4e0type
21:14:08.705 [main] TRACE - Resolving type for handle cthyperlinks6416type
21:14:08.708 [main] TRACE - Resolving type for handle cthyperlink0c85type
21:14:08.722 [main] TRACE - Resolving type for handle stxstringf179type
21:14:08.725 [main] TRACE - Resolving type for handle stcelltypebf95type
21:14:08.737 [main] TRACE - Resolving type for handle stcellstylexfid70c7type
21:14:08.741 [main] TRACE - Resolving type for handle stnumfmtid76fbtype
21:14:19.928 [main] INFO  - Goto my account-->Click on Login.. 
21:14:22.741 [main] DEBUG - Parsing relationship: /xl/_rels/workbook.xml.rels
21:14:22.744 [main] DEBUG - Parsing relationship: /xl/worksheets/_rels/sheet1.xml.rels
21:14:22.747 [main] DEBUG - Parsing relationship: /_rels/.rels
21:14:44.211 [main] INFO  - Goto my account-->Click on Login.. 
21:14:46.295 [main] DEBUG - Parsing relationship: /xl/_rels/workbook.xml.rels
21:14:46.304 [main] DEBUG - Parsing relationship: /xl/worksheets/_rels/sheet1.xml.rels
21:14:46.311 [main] DEBUG - Parsing relationship: /_rels/.rels
21:42:43.697 [main] INFO  - Goto my account-->Click on Login.. 
21:42:45.087 [main] DEBUG - Parsing relationship: /xl/_rels/workbook.xml.rels
21:42:45.094 [main] DEBUG - Parsing relationship: /xl/worksheets/_rels/sheet1.xml.rels
21:42:45.098 [main] DEBUG - Parsing relationship: /_rels/.rels
21:42:45.348 [main] TRACE - Loading type system org.apache.poi.schemas.ooxml.system.ooxml
21:42:45.351 [main] TRACE - Loading type system org.apache.xmlbeans.metadata.system.sXMLCONFIG
21:42:45.352 [main] TRACE - Loading type system org.apache.xmlbeans.metadata.system.sXMLLANG
21:42:45.352 [main] TRACE - Loading type system org.apache.xmlbeans.metadata.system.sXMLSCHEMA
21:42:45.353 [main] TRACE - Loading type system org.apache.xmlbeans.metadata.system.sXMLTOOLS
21:42:45.355 [main] TRACE - Reading unresolved handles for type system org.apache.xmlbeans.metadata.system.sXMLTOOLS
21:42:45.374 [main] TRACE - Finished loading type system org.apache.xmlbeans.metadata.system.sXMLTOOLS
21:42:45.375 [main] TRACE - Reading unresolved handles for type system org.apache.xmlbeans.metadata.system.sXMLSCHEMA
21:42:45.382 [main] TRACE - Finished loading type system org.apache.xmlbeans.metadata.system.sXMLSCHEMA
21:42:45.383 [main] TRACE - Reading unresolved handles for type system org.apache.xmlbeans.metadata.system.sXMLLANG
21:42:45.384 [main] TRACE - Finished loading type system org.apache.xmlbeans.metadata.system.sXMLLANG
21:42:45.386 [main] TRACE - Reading unresolved handles for type system org.apache.xmlbeans.metadata.system.sXMLCONFIG
21:42:45.387 [main] TRACE - Finished loading type system org.apache.xmlbeans.metadata.system.sXMLCONFIG
21:42:45.389 [main] TRACE - Reading unresolved handles for type system org.apache.poi.schemas.ooxml.system.ooxml
21:42:45.494 [main] TRACE - Finished loading type system org.apache.poi.schemas.ooxml.system.ooxml
21:42:45.495 [main] TRACE - Resolving type for handle themefd26doctype
21:42:45.592 [main] TRACE - Resolving type for handle stylesheet5d8bdoctype
21:42:45.603 [main] TRACE - Resolving type for handle ctstylesheet4257type
21:42:45.612 [main] TRACE - Resolving type for handle ctfonts6623type
21:42:45.617 [main] TRACE - Resolving type for handle ctfont14d8type
21:42:45.630 [main] TRACE - Resolving type for handle ctfills2c6ftype
21:42:45.634 [main] TRACE - Resolving type for handle ctfill550ctype
21:42:45.638 [main] TRACE - Resolving type for handle ctborders0d66type
21:42:45.642 [main] TRACE - Resolving type for handle ctborderf935type
21:42:45.648 [main] TRACE - Resolving type for handle ctcellxfs1322type
21:42:45.652 [main] TRACE - Resolving type for handle ctxf97f7type
21:42:45.659 [main] TRACE - Resolving type for handle ctcellstylexfsa81ftype
21:42:45.663 [main] TRACE - Resolving type for handle ctdxfsb26atype
21:42:45.667 [main] TRACE - Resolving type for handle cttablestyles872ftype
21:42:45.673 [main] TRACE - Resolving type for handle sstf81fdoctype
21:42:45.682 [main] TRACE - Resolving type for handle ctsst44f3type
21:42:45.698 [main] TRACE - Resolving type for handle ctrsta472type
21:42:45.731 [main] TRACE - Resolving type for handle workbookec17doctype
21:42:45.737 [main] TRACE - Resolving type for handle ctworkbook83c3type
21:42:45.742 [main] TRACE - Resolving type for handle ctsheets49fdtype
21:42:45.744 [main] TRACE - Resolving type for handle ctsheet4dbetype
21:42:45.747 [main] TRACE - Resolving type for handle strelationshipid1e94type
21:42:45.750 [main] TRACE - Resolving type for handle worksheetf539doctype
21:42:45.760 [main] TRACE - Resolving type for handle ctworksheet530dtype
21:42:45.776 [main] TRACE - Resolving type for handle ctcols627ctype
21:42:45.786 [main] TRACE - Resolving type for handle ctcola95ftype
21:42:45.815 [main] TRACE - Resolving type for handle ctsheetdata8408type
21:42:45.819 [main] TRACE - Resolving type for handle ctrowdd39type
21:42:45.828 [main] TRACE - Resolving type for handle ctcell842btype
21:42:45.840 [main] TRACE - Resolving type for handle stcellrefe4e0type
21:42:45.848 [main] TRACE - Resolving type for handle cthyperlinks6416type
21:42:45.851 [main] TRACE - Resolving type for handle cthyperlink0c85type
21:42:45.865 [main] TRACE - Resolving type for handle stxstringf179type
21:42:45.868 [main] TRACE - Resolving type for handle stcelltypebf95type
21:42:45.880 [main] TRACE - Resolving type for handle stcellstylexfid70c7type
21:42:45.884 [main] TRACE - Resolving type for handle stnumfmtid76fbtype
21:43:06.011 [main] INFO  - Goto my account-->Click on Login.. 
21:43:07.525 [main] DEBUG - Parsing relationship: /xl/_rels/workbook.xml.rels
21:43:07.528 [main] DEBUG - Parsing relationship: /xl/worksheets/_rels/sheet1.xml.rels
21:43:07.530 [main] DEBUG - Parsing relationship: /_rels/.rels
21:43:29.523 [main] INFO  - Goto my account-->Click on Login.. 
21:43:30.062 [main] DEBUG - Parsing relationship: /xl/_rels/workbook.xml.rels
21:43:30.064 [main] DEBUG - Parsing relationship: /xl/worksheets/_rels/sheet1.xml.rels
21:43:30.068 [main] DEBUG - Parsing relationship: /_rels/.rels
21:44:04.436 [main] INFO  - Goto my account-->Click on Login.. 
21:44:05.427 [main] DEBUG - Parsing relationship: /xl/_rels/workbook.xml.rels
21:44:05.432 [main] DEBUG - Parsing relationship: /xl/worksheets/_rels/sheet1.xml.rels
21:44:05.441 [main] DEBUG - Parsing relationship: /_rels/.rels
21:49:45.680 [main] INFO  - Goto my account-->Click on Login.. 
21:49:46.938 [main] DEBUG - Parsing relationship: /xl/_rels/workbook.xml.rels
21:49:46.944 [main] DEBUG - Parsing relationship: /xl/worksheets/_rels/sheet1.xml.rels
21:49:46.948 [main] DEBUG - Parsing relationship: /_rels/.rels
21:49:47.290 [main] TRACE - Loading type system org.apache.poi.schemas.ooxml.system.ooxml
21:49:47.296 [main] TRACE - Loading type system org.apache.xmlbeans.metadata.system.sXMLCONFIG
21:49:47.296 [main] TRACE - Loading type system org.apache.xmlbeans.metadata.system.sXMLLANG
21:49:47.297 [main] TRACE - Loading type system org.apache.xmlbeans.metadata.system.sXMLSCHEMA
21:49:47.298 [main] TRACE - Loading type system org.apache.xmlbeans.metadata.system.sXMLTOOLS
21:49:47.301 [main] TRACE - Reading unresolved handles for type system org.apache.xmlbeans.metadata.system.sXMLTOOLS
21:49:47.322 [main] TRACE - Finished loading type system org.apache.xmlbeans.metadata.system.sXMLTOOLS
21:49:47.323 [main] TRACE - Reading unresolved handles for type system org.apache.xmlbeans.metadata.system.sXMLSCHEMA
21:49:47.332 [main] TRACE - Finished loading type system org.apache.xmlbeans.metadata.system.sXMLSCHEMA
21:49:47.335 [main] TRACE - Reading unresolved handles for type system org.apache.xmlbeans.metadata.system.sXMLLANG
21:49:47.337 [main] TRACE - Finished loading type system org.apache.xmlbeans.metadata.system.sXMLLANG
21:49:47.340 [main] TRACE - Reading unresolved handles for type system org.apache.xmlbeans.metadata.system.sXMLCONFIG
21:49:47.341 [main] TRACE - Finished loading type system org.apache.xmlbeans.metadata.system.sXMLCONFIG
21:49:47.342 [main] TRACE - Reading unresolved handles for type system org.apache.poi.schemas.ooxml.system.ooxml
21:49:47.450 [main] TRACE - Finished loading type system org.apache.poi.schemas.ooxml.system.ooxml
21:49:47.452 [main] TRACE - Resolving type for handle themefd26doctype
21:49:47.558 [main] TRACE - Resolving type for handle stylesheet5d8bdoctype
21:49:47.569 [main] TRACE - Resolving type for handle ctstylesheet4257type
21:49:47.576 [main] TRACE - Resolving type for handle ctfonts6623type
21:49:47.579 [main] TRACE - Resolving type for handle ctfont14d8type
21:49:47.590 [main] TRACE - Resolving type for handle ctfills2c6ftype
21:49:47.593 [main] TRACE - Resolving type for handle ctfill550ctype
21:49:47.595 [main] TRACE - Resolving type for handle ctborders0d66type
21:49:47.598 [main] TRACE - Resolving type for handle ctborderf935type
21:49:47.602 [main] TRACE - Resolving type for handle ctcellxfs1322type
21:49:47.605 [main] TRACE - Resolving type for handle ctxf97f7type
21:49:47.612 [main] TRACE - Resolving type for handle ctcellstylexfsa81ftype
21:49:47.615 [main] TRACE - Resolving type for handle ctdxfsb26atype
21:49:47.619 [main] TRACE - Resolving type for handle cttablestyles872ftype
21:49:47.625 [main] TRACE - Resolving type for handle sstf81fdoctype
21:49:47.634 [main] TRACE - Resolving type for handle ctsst44f3type
21:49:47.647 [main] TRACE - Resolving type for handle ctrsta472type
21:49:47.677 [main] TRACE - Resolving type for handle workbookec17doctype
21:49:47.683 [main] TRACE - Resolving type for handle ctworkbook83c3type
21:49:47.688 [main] TRACE - Resolving type for handle ctsheets49fdtype
21:49:47.691 [main] TRACE - Resolving type for handle ctsheet4dbetype
21:49:47.694 [main] TRACE - Resolving type for handle strelationshipid1e94type
21:49:47.696 [main] TRACE - Resolving type for handle worksheetf539doctype
21:49:47.705 [main] TRACE - Resolving type for handle ctworksheet530dtype
21:49:47.718 [main] TRACE - Resolving type for handle ctcols627ctype
21:49:47.725 [main] TRACE - Resolving type for handle ctcola95ftype
21:49:47.753 [main] TRACE - Resolving type for handle ctsheetdata8408type
21:49:47.758 [main] TRACE - Resolving type for handle ctrowdd39type
21:49:47.765 [main] TRACE - Resolving type for handle ctcell842btype
21:49:47.775 [main] TRACE - Resolving type for handle stcellrefe4e0type
21:49:47.784 [main] TRACE - Resolving type for handle cthyperlinks6416type
21:49:47.787 [main] TRACE - Resolving type for handle cthyperlink0c85type
21:49:47.802 [main] TRACE - Resolving type for handle stxstringf179type
21:49:47.806 [main] TRACE - Resolving type for handle stcelltypebf95type
21:49:47.820 [main] TRACE - Resolving type for handle stcellstylexfid70c7type
21:49:47.824 [main] TRACE - Resolving type for handle stnumfmtid76fbtype
21:50:19.439 [main] INFO  - Goto my account-->Click on Login.. 
21:50:20.471 [main] DEBUG - Parsing relationship: /xl/_rels/workbook.xml.rels
21:50:20.473 [main] DEBUG - Parsing relationship: /xl/worksheets/_rels/sheet1.xml.rels
21:50:20.476 [main] DEBUG - Parsing relationship: /_rels/.rels
21:50:53.683 [main] INFO  - Goto my account-->Click on Login.. 
21:50:54.584 [main] DEBUG - Parsing relationship: /xl/_rels/workbook.xml.rels
21:50:54.619 [main] DEBUG - Parsing relationship: /xl/worksheets/_rels/sheet1.xml.rels
21:50:54.624 [main] DEBUG - Parsing relationship: /_rels/.rels
21:56:06.408 [main] INFO  - Goto my account-->Click on Login.. 
21:56:07.497 [main] DEBUG - Parsing relationship: /xl/_rels/workbook.xml.rels
21:56:07.503 [main] DEBUG - Parsing relationship: /xl/worksheets/_rels/sheet1.xml.rels
21:56:07.506 [main] DEBUG - Parsing relationship: /_rels/.rels
21:56:07.749 [main] TRACE - Loading type system org.apache.poi.schemas.ooxml.system.ooxml
21:56:07.752 [main] TRACE - Loading type system org.apache.xmlbeans.metadata.system.sXMLCONFIG
21:56:07.754 [main] TRACE - Loading type system org.apache.xmlbeans.metadata.system.sXMLLANG
21:56:07.755 [main] TRACE - Loading type system org.apache.xmlbeans.metadata.system.sXMLSCHEMA
21:56:07.756 [main] TRACE - Loading type system org.apache.xmlbeans.metadata.system.sXMLTOOLS
21:56:07.759 [main] TRACE - Reading unresolved handles for type system org.apache.xmlbeans.metadata.system.sXMLTOOLS
21:56:07.779 [main] TRACE - Finished loading type system org.apache.xmlbeans.metadata.system.sXMLTOOLS
21:56:07.780 [main] TRACE - Reading unresolved handles for type system org.apache.xmlbeans.metadata.system.sXMLSCHEMA
21:56:07.788 [main] TRACE - Finished loading type system org.apache.xmlbeans.metadata.system.sXMLSCHEMA
21:56:07.790 [main] TRACE - Reading unresolved handles for type system org.apache.xmlbeans.metadata.system.sXMLLANG
21:56:07.792 [main] TRACE - Finished loading type system org.apache.xmlbeans.metadata.system.sXMLLANG
21:56:07.793 [main] TRACE - Reading unresolved handles for type system org.apache.xmlbeans.metadata.system.sXMLCONFIG
21:56:07.795 [main] TRACE - Finished loading type system org.apache.xmlbeans.metadata.system.sXMLCONFIG
21:56:07.797 [main] TRACE - Reading unresolved handles for type system org.apache.poi.schemas.ooxml.system.ooxml
21:56:07.889 [main] TRACE - Finished loading type system org.apache.poi.schemas.ooxml.system.ooxml
21:56:07.890 [main] TRACE - Resolving type for handle themefd26doctype
21:56:07.998 [main] TRACE - Resolving type for handle stylesheet5d8bdoctype
21:56:08.007 [main] TRACE - Resolving type for handle ctstylesheet4257type
21:56:08.013 [main] TRACE - Resolving type for handle ctfonts6623type
21:56:08.016 [main] TRACE - Resolving type for handle ctfont14d8type
21:56:08.025 [main] TRACE - Resolving type for handle ctfills2c6ftype
21:56:08.029 [main] TRACE - Resolving type for handle ctfill550ctype
21:56:08.033 [main] TRACE - Resolving type for handle ctborders0d66type
21:56:08.036 [main] TRACE - Resolving type for handle ctborderf935type
21:56:08.041 [main] TRACE - Resolving type for handle ctcellxfs1322type
21:56:08.045 [main] TRACE - Resolving type for handle ctxf97f7type
21:56:08.051 [main] TRACE - Resolving type for handle ctcellstylexfsa81ftype
21:56:08.054 [main] TRACE - Resolving type for handle ctdxfsb26atype
21:56:08.060 [main] TRACE - Resolving type for handle cttablestyles872ftype
21:56:08.067 [main] TRACE - Resolving type for handle sstf81fdoctype
21:56:08.086 [main] TRACE - Resolving type for handle ctsst44f3type
21:56:08.101 [main] TRACE - Resolving type for handle ctrsta472type
21:56:08.137 [main] TRACE - Resolving type for handle workbookec17doctype
21:56:08.144 [main] TRACE - Resolving type for handle ctworkbook83c3type
21:56:08.151 [main] TRACE - Resolving type for handle ctsheets49fdtype
21:56:08.154 [main] TRACE - Resolving type for handle ctsheet4dbetype
21:56:08.158 [main] TRACE - Resolving type for handle strelationshipid1e94type
21:56:08.161 [main] TRACE - Resolving type for handle worksheetf539doctype
21:56:08.170 [main] TRACE - Resolving type for handle ctworksheet530dtype
21:56:08.184 [main] TRACE - Resolving type for handle ctcols627ctype
21:56:08.191 [main] TRACE - Resolving type for handle ctcola95ftype
21:56:08.221 [main] TRACE - Resolving type for handle ctsheetdata8408type
21:56:08.225 [main] TRACE - Resolving type for handle ctrowdd39type
21:56:08.234 [main] TRACE - Resolving type for handle ctcell842btype
21:56:08.242 [main] TRACE - Resolving type for handle stcellrefe4e0type
21:56:08.253 [main] TRACE - Resolving type for handle cthyperlinks6416type
21:56:08.256 [main] TRACE - Resolving type for handle cthyperlink0c85type
21:56:08.272 [main] TRACE - Resolving type for handle stxstringf179type
21:56:08.276 [main] TRACE - Resolving type for handle stcelltypebf95type
21:56:08.288 [main] TRACE - Resolving type for handle stcellstylexfid70c7type
21:56:08.292 [main] TRACE - Resolving type for handle stnumfmtid76fbtype
21:56:29.560 [main] INFO  - Goto my account-->Click on Login.. 
21:56:30.034 [main] DEBUG - Parsing relationship: /xl/_rels/workbook.xml.rels
21:56:30.036 [main] DEBUG - Parsing relationship: /xl/worksheets/_rels/sheet1.xml.rels
21:56:30.044 [main] DEBUG - Parsing relationship: /_rels/.rels
21:56:53.630 [main] INFO  - Goto my account-->Click on Login.. 
21:56:55.287 [main] DEBUG - Parsing relationship: /xl/_rels/workbook.xml.rels
21:56:55.291 [main] DEBUG - Parsing relationship: /xl/worksheets/_rels/sheet1.xml.rels
21:56:55.293 [main] DEBUG - Parsing relationship: /_rels/.rels
21:57:30.723 [main] INFO  - Goto my account-->Click on Login.. 
21:57:31.544 [main] DEBUG - Parsing relationship: /xl/_rels/workbook.xml.rels
21:57:31.552 [main] DEBUG - Parsing relationship: /xl/worksheets/_rels/sheet1.xml.rels
21:57:31.554 [main] DEBUG - Parsing relationship: /_rels/.rels
22:00:15.854 [main] INFO  - Goto my account-->Click on Login.. 
22:00:16.932 [main] DEBUG - Parsing relationship: /xl/_rels/workbook.xml.rels
22:00:16.948 [main] DEBUG - Parsing relationship: /xl/worksheets/_rels/sheet1.xml.rels
22:00:16.952 [main] DEBUG - Parsing relationship: /_rels/.rels
22:00:17.301 [main] TRACE - Loading type system org.apache.poi.schemas.ooxml.system.ooxml
22:00:17.305 [main] TRACE - Loading type system org.apache.xmlbeans.metadata.system.sXMLCONFIG
22:00:17.306 [main] TRACE - Loading type system org.apache.xmlbeans.metadata.system.sXMLLANG
22:00:17.307 [main] TRACE - Loading type system org.apache.xmlbeans.metadata.system.sXMLSCHEMA
22:00:17.308 [main] TRACE - Loading type system org.apache.xmlbeans.metadata.system.sXMLTOOLS
22:00:17.310 [main] TRACE - Reading unresolved handles for type system org.apache.xmlbeans.metadata.system.sXMLTOOLS
22:00:17.331 [main] TRACE - Finished loading type system org.apache.xmlbeans.metadata.system.sXMLTOOLS
22:00:17.333 [main] TRACE - Reading unresolved handles for type system org.apache.xmlbeans.metadata.system.sXMLSCHEMA
22:00:17.341 [main] TRACE - Finished loading type system org.apache.xmlbeans.metadata.system.sXMLSCHEMA
22:00:17.344 [main] TRACE - Reading unresolved handles for type system org.apache.xmlbeans.metadata.system.sXMLLANG
22:00:17.354 [main] TRACE - Finished loading type system org.apache.xmlbeans.metadata.system.sXMLLANG
22:00:17.356 [main] TRACE - Reading unresolved handles for type system org.apache.xmlbeans.metadata.system.sXMLCONFIG
22:00:17.357 [main] TRACE - Finished loading type system org.apache.xmlbeans.metadata.system.sXMLCONFIG
22:00:17.359 [main] TRACE - Reading unresolved handles for type system org.apache.poi.schemas.ooxml.system.ooxml
22:00:17.467 [main] TRACE - Finished loading type system org.apache.poi.schemas.ooxml.system.ooxml
22:00:17.468 [main] TRACE - Resolving type for handle themefd26doctype
22:00:17.579 [main] TRACE - Resolving type for handle stylesheet5d8bdoctype
22:00:17.589 [main] TRACE - Resolving type for handle ctstylesheet4257type
22:00:17.595 [main] TRACE - Resolving type for handle ctfonts6623type
22:00:17.600 [main] TRACE - Resolving type for handle ctfont14d8type
22:00:17.611 [main] TRACE - Resolving type for handle ctfills2c6ftype
22:00:17.616 [main] TRACE - Resolving type for handle ctfill550ctype
22:00:17.620 [main] TRACE - Resolving type for handle ctborders0d66type
22:00:17.625 [main] TRACE - Resolving type for handle ctborderf935type
22:00:17.632 [main] TRACE - Resolving type for handle ctcellxfs1322type
22:00:17.637 [main] TRACE - Resolving type for handle ctxf97f7type
22:00:17.644 [main] TRACE - Resolving type for handle ctcellstylexfsa81ftype
22:00:17.648 [main] TRACE - Resolving type for handle ctdxfsb26atype
22:00:17.652 [main] TRACE - Resolving type for handle cttablestyles872ftype
22:00:17.658 [main] TRACE - Resolving type for handle sstf81fdoctype
22:00:17.668 [main] TRACE - Resolving type for handle ctsst44f3type
22:00:17.686 [main] TRACE - Resolving type for handle ctrsta472type
22:00:17.728 [main] TRACE - Resolving type for handle workbookec17doctype
22:00:17.736 [main] TRACE - Resolving type for handle ctworkbook83c3type
22:00:17.746 [main] TRACE - Resolving type for handle ctsheets49fdtype
22:00:17.750 [main] TRACE - Resolving type for handle ctsheet4dbetype
22:00:17.755 [main] TRACE - Resolving type for handle strelationshipid1e94type
22:00:17.759 [main] TRACE - Resolving type for handle worksheetf539doctype
22:00:17.772 [main] TRACE - Resolving type for handle ctworksheet530dtype
22:00:17.792 [main] TRACE - Resolving type for handle ctcols627ctype
22:00:17.800 [main] TRACE - Resolving type for handle ctcola95ftype
22:00:17.831 [main] TRACE - Resolving type for handle ctsheetdata8408type
22:00:17.835 [main] TRACE - Resolving type for handle ctrowdd39type
22:00:17.845 [main] TRACE - Resolving type for handle ctcell842btype
22:00:17.855 [main] TRACE - Resolving type for handle stcellrefe4e0type
22:00:17.868 [main] TRACE - Resolving type for handle cthyperlinks6416type
22:00:17.872 [main] TRACE - Resolving type for handle cthyperlink0c85type
22:00:17.893 [main] TRACE - Resolving type for handle stxstringf179type
22:00:17.898 [main] TRACE - Resolving type for handle stcelltypebf95type
22:00:17.913 [main] TRACE - Resolving type for handle stcellstylexfid70c7type
22:00:17.919 [main] TRACE - Resolving type for handle stnumfmtid76fbtype
22:00:39.074 [main] INFO  - Goto my account-->Click on Login.. 
22:00:42.112 [main] DEBUG - Parsing relationship: /xl/_rels/workbook.xml.rels
22:00:42.115 [main] DEBUG - Parsing relationship: /xl/worksheets/_rels/sheet1.xml.rels
22:00:42.117 [main] DEBUG - Parsing relationship: /_rels/.rels
22:01:00.781 [main] INFO  - Goto my account-->Click on Login.. 
22:01:02.718 [main] DEBUG - Parsing relationship: /xl/_rels/workbook.xml.rels
22:01:02.719 [main] DEBUG - Parsing relationship: /xl/worksheets/_rels/sheet1.xml.rels
22:01:02.721 [main] DEBUG - Parsing relationship: /_rels/.rels
22:01:37.014 [main] INFO  - Goto my account-->Click on Login.. 
22:01:37.783 [main] DEBUG - Parsing relationship: /xl/_rels/workbook.xml.rels
22:01:37.786 [main] DEBUG - Parsing relationship: /xl/worksheets/_rels/sheet1.xml.rels
22:01:37.789 [main] DEBUG - Parsing relationship: /_rels/.rels
22:09:07.089 [main] INFO  - Goto my account-->Click on Login.. 
22:09:07.877 [main] DEBUG - Parsing relationship: /xl/_rels/workbook.xml.rels
22:09:07.884 [main] DEBUG - Parsing relationship: /xl/worksheets/_rels/sheet1.xml.rels
22:09:07.887 [main] DEBUG - Parsing relationship: /_rels/.rels
22:09:08.173 [main] TRACE - Loading type system org.apache.poi.schemas.ooxml.system.ooxml
22:09:08.176 [main] TRACE - Loading type system org.apache.xmlbeans.metadata.system.sXMLCONFIG
22:09:08.177 [main] TRACE - Loading type system org.apache.xmlbeans.metadata.system.sXMLLANG
22:09:08.178 [main] TRACE - Loading type system org.apache.xmlbeans.metadata.system.sXMLSCHEMA
22:09:08.179 [main] TRACE - Loading type system org.apache.xmlbeans.metadata.system.sXMLTOOLS
22:09:08.181 [main] TRACE - Reading unresolved handles for type system org.apache.xmlbeans.metadata.system.sXMLTOOLS
22:09:08.200 [main] TRACE - Finished loading type system org.apache.xmlbeans.metadata.system.sXMLTOOLS
22:09:08.201 [main] TRACE - Reading unresolved handles for type system org.apache.xmlbeans.metadata.system.sXMLSCHEMA
22:09:08.210 [main] TRACE - Finished loading type system org.apache.xmlbeans.metadata.system.sXMLSCHEMA
22:09:08.212 [main] TRACE - Reading unresolved handles for type system org.apache.xmlbeans.metadata.system.sXMLLANG
22:09:08.213 [main] TRACE - Finished loading type system org.apache.xmlbeans.metadata.system.sXMLLANG
22:09:08.215 [main] TRACE - Reading unresolved handles for type system org.apache.xmlbeans.metadata.system.sXMLCONFIG
22:09:08.217 [main] TRACE - Finished loading type system org.apache.xmlbeans.metadata.system.sXMLCONFIG
22:09:08.218 [main] TRACE - Reading unresolved handles for type system org.apache.poi.schemas.ooxml.system.ooxml
22:09:08.334 [main] TRACE - Finished loading type system org.apache.poi.schemas.ooxml.system.ooxml
22:09:08.335 [main] TRACE - Resolving type for handle themefd26doctype
22:09:08.441 [main] TRACE - Resolving type for handle stylesheet5d8bdoctype
22:09:08.449 [main] TRACE - Resolving type for handle ctstylesheet4257type
22:09:08.457 [main] TRACE - Resolving type for handle ctfonts6623type
22:09:08.462 [main] TRACE - Resolving type for handle ctfont14d8type
22:09:08.475 [main] TRACE - Resolving type for handle ctfills2c6ftype
22:09:08.478 [main] TRACE - Resolving type for handle ctfill550ctype
22:09:08.481 [main] TRACE - Resolving type for handle ctborders0d66type
22:09:08.485 [main] TRACE - Resolving type for handle ctborderf935type
22:09:08.490 [main] TRACE - Resolving type for handle ctcellxfs1322type
22:09:08.494 [main] TRACE - Resolving type for handle ctxf97f7type
22:09:08.499 [main] TRACE - Resolving type for handle ctcellstylexfsa81ftype
22:09:08.501 [main] TRACE - Resolving type for handle ctdxfsb26atype
22:09:08.505 [main] TRACE - Resolving type for handle cttablestyles872ftype
22:09:08.510 [main] TRACE - Resolving type for handle sstf81fdoctype
22:09:08.517 [main] TRACE - Resolving type for handle ctsst44f3type
22:09:08.529 [main] TRACE - Resolving type for handle ctrsta472type
22:09:08.561 [main] TRACE - Resolving type for handle workbookec17doctype
22:09:08.568 [main] TRACE - Resolving type for handle ctworkbook83c3type
22:09:08.573 [main] TRACE - Resolving type for handle ctsheets49fdtype
22:09:08.576 [main] TRACE - Resolving type for handle ctsheet4dbetype
22:09:08.579 [main] TRACE - Resolving type for handle strelationshipid1e94type
22:09:08.583 [main] TRACE - Resolving type for handle worksheetf539doctype
22:09:08.594 [main] TRACE - Resolving type for handle ctworksheet530dtype
22:09:08.613 [main] TRACE - Resolving type for handle ctcols627ctype
22:09:08.621 [main] TRACE - Resolving type for handle ctcola95ftype
22:09:08.648 [main] TRACE - Resolving type for handle ctsheetdata8408type
22:09:08.653 [main] TRACE - Resolving type for handle ctrowdd39type
22:09:08.660 [main] TRACE - Resolving type for handle ctcell842btype
22:09:08.668 [main] TRACE - Resolving type for handle stcellrefe4e0type
22:09:08.676 [main] TRACE - Resolving type for handle cthyperlinks6416type
22:09:08.679 [main] TRACE - Resolving type for handle cthyperlink0c85type
22:09:08.698 [main] TRACE - Resolving type for handle stxstringf179type
22:09:08.702 [main] TRACE - Resolving type for handle stcelltypebf95type
22:09:08.715 [main] TRACE - Resolving type for handle stcellstylexfid70c7type
22:09:08.719 [main] TRACE - Resolving type for handle stnumfmtid76fbtype
22:09:28.382 [main] INFO  - Goto my account-->Click on Login.. 
22:09:30.978 [main] DEBUG - Parsing relationship: /xl/_rels/workbook.xml.rels
22:09:30.986 [main] DEBUG - Parsing relationship: /xl/worksheets/_rels/sheet1.xml.rels
22:09:30.994 [main] DEBUG - Parsing relationship: /_rels/.rels
22:09:50.650 [main] INFO  - Goto my account-->Click on Login.. 
22:09:53.049 [main] DEBUG - Parsing relationship: /xl/_rels/workbook.xml.rels
22:09:53.050 [main] DEBUG - Parsing relationship: /xl/worksheets/_rels/sheet1.xml.rels
